<?xml version="1.0" encoding="UTF-8"?>
<testsuite name="edu.wofford.machiwoco.MarketTest" tests="7" skipped="0" failures="0" errors="0" timestamp="2020-12-09T19:21:01" hostname="Scotts-MBP.home" time="0.003">
  <properties/>
  <testcase name="phase1MarketCreateTest" classname="edu.wofford.machiwoco.MarketTest" time="0.001"/>
  <testcase name="setMarketStockTest" classname="edu.wofford.machiwoco.MarketTest" time="0.0"/>
  <testcase name="getSelectedCardTest" classname="edu.wofford.machiwoco.MarketTest" time="0.001"/>
  <testcase name="phase2MarketCreateTest" classname="edu.wofford.machiwoco.MarketTest" time="0.0"/>
  <testcase name="getNumEstablishmentsInMarketTest" classname="edu.wofford.machiwoco.MarketTest" time="0.0"/>
  <testcase name="phase3MarketCreateTest" classname="edu.wofford.machiwoco.MarketTest" time="0.0"/>
  <testcase name="marketConstructorTest" classname="edu.wofford.machiwoco.MarketTest" time="0.0"/>
  <system-out><![CDATA[]]></system-out>
  <system-err><![CDATA[]]></system-err>
</testsuite>
