<?xml version="1.0" encoding="UTF-8"?>
<testsuite name="edu.wofford.machiwoco.LandMarkTest" tests="4" skipped="0" failures="0" errors="0" timestamp="2020-12-09T19:21:00" hostname="Scotts-MBP.home" time="0.002">
  <properties/>
  <testcase name="isBuiltTest" classname="edu.wofford.machiwoco.LandMarkTest" time="0.0"/>
  <testcase name="equalsTest" classname="edu.wofford.machiwoco.LandMarkTest" time="0.0"/>
  <testcase name="getIconTest" classname="edu.wofford.machiwoco.LandMarkTest" time="0.0"/>
  <testcase name="getColorTest" classname="edu.wofford.machiwoco.LandMarkTest" time="0.0"/>
  <system-out><![CDATA[]]></system-out>
  <system-err><![CDATA[]]></system-err>
</testsuite>
