<?xml version="1.0" encoding="UTF-8"?>
<testsuite name="edu.wofford.machiwoco.DiceTest" tests="2" skipped="0" failures="0" errors="0" timestamp="2020-12-09T19:21:00" hostname="Scotts-MBP.home" time="0.021">
  <properties/>
  <testcase name="rollTest" classname="edu.wofford.machiwoco.DiceTest" time="0.021"/>
  <testcase name="getMaxRollTest" classname="edu.wofford.machiwoco.DiceTest" time="0.0"/>
  <system-out><![CDATA[]]></system-out>
  <system-err><![CDATA[]]></system-err>
</testsuite>
